<?xml version="1.0" encoding="UTF-8"?>
<!-- Generated by org.testng.reporters.JUnitReportReporter -->
<testsuite hostname="DESKTOP-1R0M93A" failures="0" tests="1" name="com.qa.tests.Login_Test" time="26.616" errors="0" timestamp="2020-08-20T16:31:56 IST" skipped="0">
  <testcase classname="com.qa.tests.Login_Test" name="Login_test" time="26.616"/>
  <system-out>
My test case is passed  </system-out>
</testsuite> <!-- com.qa.tests.Login_Test -->
