<?xml version="1.0" encoding="UTF-8"?>
<!-- Generated by org.testng.reporters.JUnitReportReporter -->
<testsuite hostname="DESKTOP-1R0M93A" failures="0" tests="1" name="com.qa.tests.Login_Test" time="41.462" errors="0" timestamp="2020-08-21T10:01:28 IST" skipped="0">
  <testcase classname="com.qa.tests.Login_Test" name="Login_test" time="41.462"/>
  <system-out>
My test case is passed  </system-out>
</testsuite> <!-- com.qa.tests.Login_Test -->
